C:\USERS\MATTHIAS KEYSERMANN\CODING\MAGICCARPET\DEBUG\MAGICCARPET.EXE
C:\USERS\MATTHIAS KEYSERMANN\CODING\MAGICCARPET\DEBUG\MAGICCARPET.ILK
C:\USERS\MATTHIAS KEYSERMANN\CODING\MAGICCARPET\DEBUG\MAGICCARPET.PDB
C:\USERS\MATTHIAS KEYSERMANN\CODING\MAGICCARPET\MAGICCARPET\DEBUG\AICONTROL.OBJ
C:\USERS\MATTHIAS KEYSERMANN\CODING\MAGICCARPET\MAGICCARPET\DEBUG\ARENA.OBJ
C:\USERS\MATTHIAS KEYSERMANN\CODING\MAGICCARPET\MAGICCARPET\DEBUG\CARPET.OBJ
C:\USERS\MATTHIAS KEYSERMANN\CODING\MAGICCARPET\MAGICCARPET\DEBUG\CHARACTER.OBJ
C:\Users\Matthias Keysermann\Coding\MagicCarpet\MagicCarpet\Debug\cl.command.1.tlog
C:\Users\Matthias Keysermann\Coding\MagicCarpet\MagicCarpet\Debug\CL.read.1.tlog
C:\Users\Matthias Keysermann\Coding\MagicCarpet\MagicCarpet\Debug\CL.write.1.tlog
C:\USERS\MATTHIAS KEYSERMANN\CODING\MAGICCARPET\MAGICCARPET\DEBUG\CONTROL.OBJ
C:\USERS\MATTHIAS KEYSERMANN\CODING\MAGICCARPET\MAGICCARPET\DEBUG\EMPTYCONTROL.OBJ
C:\USERS\MATTHIAS KEYSERMANN\CODING\MAGICCARPET\MAGICCARPET\DEBUG\GAME.OBJ
C:\USERS\MATTHIAS KEYSERMANN\CODING\MAGICCARPET\MAGICCARPET\DEBUG\KEYBOARDCONTROL.OBJ
C:\Users\Matthias Keysermann\Coding\MagicCarpet\MagicCarpet\Debug\link.command.1.tlog
C:\Users\Matthias Keysermann\Coding\MagicCarpet\MagicCarpet\Debug\link.read.1.tlog
C:\Users\Matthias Keysermann\Coding\MagicCarpet\MagicCarpet\Debug\link.write.1.tlog
C:\Users\Matthias Keysermann\Coding\MagicCarpet\MagicCarpet\Debug\link-cvtres.read.1.tlog
C:\Users\Matthias Keysermann\Coding\MagicCarpet\MagicCarpet\Debug\link-cvtres.write.1.tlog
C:\USERS\MATTHIAS KEYSERMANN\CODING\MAGICCARPET\MAGICCARPET\DEBUG\MAGICCARPET.EXE.EMBED.MANIFEST
C:\USERS\MATTHIAS KEYSERMANN\CODING\MAGICCARPET\MAGICCARPET\DEBUG\MAGICCARPET.EXE.EMBED.MANIFEST.RES
C:\USERS\MATTHIAS KEYSERMANN\CODING\MAGICCARPET\MAGICCARPET\DEBUG\MAGICCARPET.EXE.INTERMEDIATE.MANIFEST
C:\Users\Matthias Keysermann\Coding\MagicCarpet\MagicCarpet\Debug\MagicCarpet.write.1.tlog
C:\Users\Matthias Keysermann\Coding\MagicCarpet\MagicCarpet\Debug\MagicCarpet_manifest.rc
C:\USERS\MATTHIAS KEYSERMANN\CODING\MAGICCARPET\MAGICCARPET\DEBUG\MAIN.OBJ
C:\USERS\MATTHIAS KEYSERMANN\CODING\MAGICCARPET\MAGICCARPET\DEBUG\MASTEVENTRECEIVER.OBJ
C:\USERS\MATTHIAS KEYSERMANN\CODING\MAGICCARPET\MAGICCARPET\DEBUG\MOUSECONTROL.OBJ
C:\Users\Matthias Keysermann\Coding\MagicCarpet\MagicCarpet\Debug\mt.command.1.tlog
C:\Users\Matthias Keysermann\Coding\MagicCarpet\MagicCarpet\Debug\mt.read.1.tlog
C:\Users\Matthias Keysermann\Coding\MagicCarpet\MagicCarpet\Debug\mt.write.1.tlog
C:\USERS\MATTHIAS KEYSERMANN\CODING\MAGICCARPET\MAGICCARPET\DEBUG\PLAYER.OBJ
C:\Users\Matthias Keysermann\Coding\MagicCarpet\MagicCarpet\Debug\rc.command.1.tlog
C:\Users\Matthias Keysermann\Coding\MagicCarpet\MagicCarpet\Debug\rc.read.1.tlog
C:\Users\Matthias Keysermann\Coding\MagicCarpet\MagicCarpet\Debug\rc.write.1.tlog
C:\USERS\MATTHIAS KEYSERMANN\CODING\MAGICCARPET\MAGICCARPET\DEBUG\STICK.OBJ
C:\Users\Matthias Keysermann\Coding\MagicCarpet\MagicCarpet\Debug\vc100.idb
C:\USERS\MATTHIAS KEYSERMANN\CODING\MAGICCARPET\MAGICCARPET\DEBUG\VC100.PDB
C:\USERS\MATTHIAS KEYSERMANN\CODING\MAGICCARPET\MAGICCARPET\DEBUG\WIICONTROL.OBJ
C:\USERS\MATTHIAS KEYSERMANN\DOCUMENTS\VISUAL STUDIO 2010\PROJECTS\MAGICCARPET\DEBUG\MAGICCARPET.EXE
C:\USERS\MATTHIAS KEYSERMANN\DOCUMENTS\VISUAL STUDIO 2010\PROJECTS\MAGICCARPET\DEBUG\MAGICCARPET.ILK
C:\USERS\MATTHIAS KEYSERMANN\DOCUMENTS\VISUAL STUDIO 2010\PROJECTS\MAGICCARPET\DEBUG\MAGICCARPET.PDB
C:\USERS\MATTHIAS KEYSERMANN\DOCUMENTS\VISUAL STUDIO 2010\PROJECTS\MAGICCARPET\MAGICCARPET\DEBUG\AICONTROL.OBJ
C:\USERS\MATTHIAS KEYSERMANN\DOCUMENTS\VISUAL STUDIO 2010\PROJECTS\MAGICCARPET\MAGICCARPET\DEBUG\ARENA.OBJ
C:\USERS\MATTHIAS KEYSERMANN\DOCUMENTS\VISUAL STUDIO 2010\PROJECTS\MAGICCARPET\MAGICCARPET\DEBUG\CARPET.OBJ
C:\USERS\MATTHIAS KEYSERMANN\DOCUMENTS\VISUAL STUDIO 2010\PROJECTS\MAGICCARPET\MAGICCARPET\DEBUG\CHARACTER.OBJ
C:\USERS\MATTHIAS KEYSERMANN\DOCUMENTS\VISUAL STUDIO 2010\PROJECTS\MAGICCARPET\MAGICCARPET\DEBUG\CONTROL.OBJ
C:\USERS\MATTHIAS KEYSERMANN\DOCUMENTS\VISUAL STUDIO 2010\PROJECTS\MAGICCARPET\MAGICCARPET\DEBUG\EMPTYCONTROL.OBJ
C:\USERS\MATTHIAS KEYSERMANN\DOCUMENTS\VISUAL STUDIO 2010\PROJECTS\MAGICCARPET\MAGICCARPET\DEBUG\GAME.OBJ
C:\USERS\MATTHIAS KEYSERMANN\DOCUMENTS\VISUAL STUDIO 2010\PROJECTS\MAGICCARPET\MAGICCARPET\DEBUG\KEYBOARDCONTROL.OBJ
C:\USERS\MATTHIAS KEYSERMANN\DOCUMENTS\VISUAL STUDIO 2010\PROJECTS\MAGICCARPET\MAGICCARPET\DEBUG\MAGICCARPET.EXE.EMBED.MANIFEST
C:\USERS\MATTHIAS KEYSERMANN\DOCUMENTS\VISUAL STUDIO 2010\PROJECTS\MAGICCARPET\MAGICCARPET\DEBUG\MAGICCARPET.EXE.EMBED.MANIFEST.RES
C:\USERS\MATTHIAS KEYSERMANN\DOCUMENTS\VISUAL STUDIO 2010\PROJECTS\MAGICCARPET\MAGICCARPET\DEBUG\MAGICCARPET.EXE.INTERMEDIATE.MANIFEST
C:\USERS\MATTHIAS KEYSERMANN\DOCUMENTS\VISUAL STUDIO 2010\PROJECTS\MAGICCARPET\MAGICCARPET\DEBUG\MAIN.OBJ
C:\USERS\MATTHIAS KEYSERMANN\DOCUMENTS\VISUAL STUDIO 2010\PROJECTS\MAGICCARPET\MAGICCARPET\DEBUG\MASTEVENTRECEIVER.OBJ
C:\USERS\MATTHIAS KEYSERMANN\DOCUMENTS\VISUAL STUDIO 2010\PROJECTS\MAGICCARPET\MAGICCARPET\DEBUG\MOUSECONTROL.OBJ
C:\USERS\MATTHIAS KEYSERMANN\DOCUMENTS\VISUAL STUDIO 2010\PROJECTS\MAGICCARPET\MAGICCARPET\DEBUG\PLAYER.OBJ
C:\USERS\MATTHIAS KEYSERMANN\DOCUMENTS\VISUAL STUDIO 2010\PROJECTS\MAGICCARPET\MAGICCARPET\DEBUG\STICK.OBJ
C:\USERS\MATTHIAS KEYSERMANN\DOCUMENTS\VISUAL STUDIO 2010\PROJECTS\MAGICCARPET\MAGICCARPET\DEBUG\VC100.PDB
C:\USERS\MATTHIAS KEYSERMANN\DOCUMENTS\VISUAL STUDIO 2010\PROJECTS\MAGICCARPET\MAGICCARPET\DEBUG\WIICONTROL.OBJ
