Build started 30/06/2015 17:10:13.
     1>Project "C:\Users\Matthias Keysermann\Coding\MagicCarpet_Win32\MagicCarpet\MagicCarpet.vcxproj" on node 2 (build target(s)).
     1>InitializeBuildStatus:
         Creating "Debug\MagicCarpet.unsuccessfulbuild" because "AlwaysCreate" was specified.
       ClCompile:
         c:\Program Files (x86)\Microsoft Visual Studio 10.0\VC\bin\CL.exe /c /ZI /nologo /W3 /WX- /Od /Oy- /D WIN32 /D _DEBUG /D _WINDOWS /D _UNICODE /D UNICODE /Gm /EHsc /RTC1 /MDd /GS /fp:precise /Zc:wchar_t /Zc:forScope /Fo"Debug\\" /Fd"Debug\vc100.pdb" /Gd /TP /analyze- /errorReport:prompt AIControl.cpp Arena.cpp Carpet.cpp Character.cpp Control.cpp EmptyControl.cpp Game.cpp KeyboardControl.cpp main.cpp MastEventReceiver.cpp MouseControl.cpp Player.cpp Stick.cpp WiiControl.cpp
         WiiControl.cpp
         Stick.cpp
         Player.cpp
         MouseControl.cpp
         MastEventReceiver.cpp
         main.cpp
         KeyboardControl.cpp
         Game.cpp
         EmptyControl.cpp
         Control.cpp
         Character.cpp
         Carpet.cpp
         Arena.cpp
         AIControl.cpp
         Generating Code...
       ManifestResourceCompile:
         C:\Program Files (x86)\Microsoft SDKs\Windows\v7.0A\bin\rc.exe /nologo /fo"Debug\MagicCarpet.exe.embed.manifest.res" Debug\MagicCarpet_manifest.rc 
       Link:
         c:\Program Files (x86)\Microsoft Visual Studio 10.0\VC\bin\link.exe /ERRORREPORT:PROMPT /OUT:"C:\Users\Matthias Keysermann\Coding\MagicCarpet_Win32\Debug\MagicCarpet.exe" /INCREMENTAL /NOLOGO kernel32.lib user32.lib gdi32.lib winspool.lib comdlg32.lib advapi32.lib shell32.lib ole32.lib oleaut32.lib uuid.lib odbc32.lib odbccp32.lib /MANIFEST /ManifestFile:"Debug\MagicCarpet.exe.intermediate.manifest" /MANIFESTUAC:"level='asInvoker' uiAccess='false'" /DEBUG /PDB:"C:\Users\Matthias Keysermann\Coding\MagicCarpet_Win32\Debug\MagicCarpet.pdb" /SUBSYSTEM:WINDOWS /TLBID:1 /DYNAMICBASE /NXCOMPAT /IMPLIB:"C:\Users\Matthias Keysermann\Coding\MagicCarpet_Win32\Debug\MagicCarpet.lib" /MACHINE:X86 Debug\MagicCarpet.exe.embed.manifest.res
         Debug\AIControl.obj
         Debug\Arena.obj
         Debug\Carpet.obj
         Debug\Character.obj
         Debug\Control.obj
         Debug\EmptyControl.obj
         Debug\Game.obj
         Debug\KeyboardControl.obj
         Debug\main.obj
         Debug\MastEventReceiver.obj
         Debug\MouseControl.obj
         Debug\Player.obj
         Debug\Stick.obj
         Debug\WiiControl.obj
       Manifest:
         C:\Program Files (x86)\Microsoft SDKs\Windows\v7.0A\bin\mt.exe /nologo /verbose /out:"Debug\MagicCarpet.exe.embed.manifest" /manifest Debug\MagicCarpet.exe.intermediate.manifest
         All outputs are up-to-date.
       LinkEmbedManifest:
         All outputs are up-to-date.
         MagicCarpet.vcxproj -> C:\Users\Matthias Keysermann\Coding\MagicCarpet_Win32\Debug\MagicCarpet.exe
       FinalizeBuildStatus:
         Deleting file "Debug\MagicCarpet.unsuccessfulbuild".
         Touching "Debug\MagicCarpet.lastbuildstate".
     1>Done Building Project "C:\Users\Matthias Keysermann\Coding\MagicCarpet_Win32\MagicCarpet\MagicCarpet.vcxproj" (build target(s)).

Build succeeded.

Time Elapsed 00:00:06.58
